<?xml version="1.0" encoding="UTF-8"?>
<!-- Generated by org.testng.reporters.JUnitXMLReporter -->
<testsuite ignored="0" hostname="GhostRider" failures="0" tests="4" name="Default test" time="25.758" errors="0" timestamp="2024-03-10T23:40:29 IST">
  <testcase classname="com.example.TestAutomation" name="testRegistration" time="2.353"/>
  <testcase classname="com.example.TestAutomation" name="testLoginSuccess" time="1.525"/>
  <testcase classname="com.example.TestAutomation" name="flipkartSearch" time="12.426"/>
  <testcase classname="com.example.TestAutomation" name="addToCart" time="5.668"/>
</testsuite> <!-- Default test -->
