<?xml version="1.0" encoding="UTF-8"?>
<!-- Generated by org.testng.reporters.JUnitXMLReporter -->
<testsuite ignored="0" hostname="LAPTOP-4U8EVBDV" failures="2" tests="4" name="Test" time="16.623" errors="0" timestamp="2023-07-20T00:31:40 IST">
  <testcase classname="com.example.ParallelTests" name="LaunchChrome" time="7.678"/>
  <testcase classname="com.example.ParallelTests" name="LaunchFirefox" time="8.854"/>
  <testcase classname="com.example.ParallelTests" name="TryFacebook1" time="0.004">
    <failure type="java.lang.NullPointerException" message="Cannot invoke &amp;quot;org.openqa.selenium.WebDriver.findElement(org.openqa.selenium.By)&amp;quot; because &amp;quot;this.driver&amp;quot; is null">
      <![CDATA[java.lang.NullPointerException: Cannot invoke "org.openqa.selenium.WebDriver.findElement(org.openqa.selenium.By)" because "this.driver" is null
at com.example.ParallelTests.TryFacebook1(ParallelTests.java:30)
at java.base/java.util.ArrayList.forEach(ArrayList.java:1511)
... Removed 27 stack frames]]>
    </failure>
  </testcase> <!-- TryFacebook1 -->
  <testcase classname="com.example.ParallelTests" name="TryFacebook2" time="0.002">
    <failure type="java.lang.NullPointerException" message="Cannot invoke &amp;quot;org.openqa.selenium.WebDriver.findElement(org.openqa.selenium.By)&amp;quot; because &amp;quot;this.driver&amp;quot; is null">
      <![CDATA[java.lang.NullPointerException: Cannot invoke "org.openqa.selenium.WebDriver.findElement(org.openqa.selenium.By)" because "this.driver" is null
at com.example.ParallelTests.TryFacebook2(ParallelTests.java:52)
at java.base/java.util.ArrayList.forEach(ArrayList.java:1511)
... Removed 27 stack frames]]>
    </failure>
  </testcase> <!-- TryFacebook2 -->
</testsuite> <!-- Test -->
