<?xml version="1.0" encoding="UTF-8"?>
<testng-results ignored="0" total="4" passed="4" failed="0" skipped="0">
  <reporter-output>
  </reporter-output>
  <suite started-at="2024-03-10T23:40:03 IST" name="Default suite" finished-at="2024-03-10T23:40:29 IST" duration-ms="25758">
    <groups>
    </groups>
    <test started-at="2024-03-10T23:40:03 IST" name="Default test" finished-at="2024-03-10T23:40:29 IST" duration-ms="25758">
      <class name="com.example.TestAutomation">
        <test-method is-config="true" signature="beforeSuite()[pri:0, instance:com.example.TestAutomation@3e08ff24]" started-at="2024-03-10T23:40:03 IST" name="beforeSuite" finished-at="2024-03-10T23:40:03 IST" duration-ms="596" status="PASS">
          <reporter-output>
          </reporter-output>
        </test-method> <!-- beforeSuite -->
        <test-method is-config="true" signature="setUp()[pri:0, instance:com.example.TestAutomation@3e08ff24]" started-at="2024-03-10T23:40:03 IST" name="setUp" finished-at="2024-03-10T23:40:06 IST" duration-ms="2347" status="PASS">
          <reporter-output>
          </reporter-output>
        </test-method> <!-- setUp -->
        <test-method signature="testRegistration()[pri:1, instance:com.example.TestAutomation@3e08ff24]" started-at="2024-03-10T23:40:06 IST" name="testRegistration" finished-at="2024-03-10T23:40:08 IST" duration-ms="2353" status="PASS">
          <reporter-output>
          </reporter-output>
        </test-method> <!-- testRegistration -->
        <test-method is-config="true" signature="afterMethod(org.testng.ITestResult)[pri:0, instance:com.example.TestAutomation@3e08ff24]" started-at="2024-03-10T23:40:08 IST" name="afterMethod" finished-at="2024-03-10T23:40:08 IST" duration-ms="3" status="PASS">
          <params>
            <param index="0">
              <value>
                <![CDATA[[TestResult name=testRegistration status=SUCCESS method=TestAutomation.testRegistration()[pri:1, instance:com.example.TestAutomation@3e08ff24] output={null}]]]>
              </value>
            </param>
          </params>
          <reporter-output>
          </reporter-output>
        </test-method> <!-- afterMethod -->
        <test-method signature="testLoginSuccess()[pri:2, instance:com.example.TestAutomation@3e08ff24]" started-at="2024-03-10T23:40:08 IST" name="testLoginSuccess" finished-at="2024-03-10T23:40:10 IST" duration-ms="1525" status="PASS">
          <reporter-output>
          </reporter-output>
        </test-method> <!-- testLoginSuccess -->
        <test-method is-config="true" signature="afterMethod(org.testng.ITestResult)[pri:0, instance:com.example.TestAutomation@3e08ff24]" started-at="2024-03-10T23:40:10 IST" name="afterMethod" finished-at="2024-03-10T23:40:10 IST" duration-ms="3" status="PASS">
          <params>
            <param index="0">
              <value>
                <![CDATA[[TestResult name=testLoginSuccess status=SUCCESS method=TestAutomation.testLoginSuccess()[pri:2, instance:com.example.TestAutomation@3e08ff24] output={null}]]]>
              </value>
            </param>
          </params>
          <reporter-output>
          </reporter-output>
        </test-method> <!-- afterMethod -->
        <test-method signature="flipkartSearch()[pri:3, instance:com.example.TestAutomation@3e08ff24]" started-at="2024-03-10T23:40:10 IST" name="flipkartSearch" finished-at="2024-03-10T23:40:22 IST" duration-ms="12426" status="PASS">
          <reporter-output>
          </reporter-output>
        </test-method> <!-- flipkartSearch -->
        <test-method is-config="true" signature="afterMethod(org.testng.ITestResult)[pri:0, instance:com.example.TestAutomation@3e08ff24]" started-at="2024-03-10T23:40:22 IST" name="afterMethod" finished-at="2024-03-10T23:40:22 IST" duration-ms="1" status="PASS">
          <params>
            <param index="0">
              <value>
                <![CDATA[[TestResult name=flipkartSearch status=SUCCESS method=TestAutomation.flipkartSearch()[pri:3, instance:com.example.TestAutomation@3e08ff24] output={null}]]]>
              </value>
            </param>
          </params>
          <reporter-output>
          </reporter-output>
        </test-method> <!-- afterMethod -->
        <test-method signature="addToCart()[pri:4, instance:com.example.TestAutomation@3e08ff24]" started-at="2024-03-10T23:40:22 IST" name="addToCart" finished-at="2024-03-10T23:40:28 IST" duration-ms="5668" status="PASS">
          <reporter-output>
          </reporter-output>
        </test-method> <!-- addToCart -->
        <test-method is-config="true" signature="afterMethod(org.testng.ITestResult)[pri:0, instance:com.example.TestAutomation@3e08ff24]" started-at="2024-03-10T23:40:28 IST" name="afterMethod" finished-at="2024-03-10T23:40:28 IST" duration-ms="5" status="PASS">
          <params>
            <param index="0">
              <value>
                <![CDATA[[TestResult name=addToCart status=SUCCESS method=TestAutomation.addToCart()[pri:4, instance:com.example.TestAutomation@3e08ff24] output={null}]]]>
              </value>
            </param>
          </params>
          <reporter-output>
          </reporter-output>
        </test-method> <!-- afterMethod -->
        <test-method is-config="true" signature="tearDown()[pri:0, instance:com.example.TestAutomation@3e08ff24]" started-at="2024-03-10T23:40:28 IST" name="tearDown" finished-at="2024-03-10T23:40:29 IST" duration-ms="1362" status="PASS">
          <reporter-output>
          </reporter-output>
        </test-method> <!-- tearDown -->
        <test-method is-config="true" signature="afterSuite()[pri:0, instance:com.example.TestAutomation@3e08ff24]" started-at="2024-03-10T23:40:29 IST" name="afterSuite" finished-at="2024-03-10T23:40:29 IST" duration-ms="5" status="PASS">
          <reporter-output>
          </reporter-output>
        </test-method> <!-- afterSuite -->
      </class> <!-- com.example.TestAutomation -->
    </test> <!-- Default test -->
  </suite> <!-- Default suite -->
</testng-results>
