<?xml version="1.0" encoding="UTF-8"?>
<!-- Generated by org.testng.reporters.JUnitXMLReporter -->
<testsuite ignored="0" hostname="LAPTOP-4U8EVBDV" failures="0" tests="5" name="Test" time="60.118" errors="0" timestamp="2023-07-21T16:17:27 IST">
  <testcase classname="com.example.TestAutomation" name="testRegistration" time="3.28"/>
  <testcase classname="com.example.TestAutomation" name="testLoginSuccess" time="1.62"/>
  <testcase classname="com.example.TestAutomation" name="testLoginFailure" time="0.469"/>
  <testcase classname="com.example.TestAutomation" name="amazonSearch" time="13.929"/>
  <testcase classname="com.example.TestAutomation" name="addToCart" time="35.468"/>
</testsuite> <!-- Test -->
